PrintSample/build/outputs/logs/manifest-merger-debug-report.txt
-- Merging decision tree log ---
manifest
ADDED from PrintSample\AndroidManifest.xml:2:1-42:12
	package
		ADDED from PrintSample\AndroidManifest.xml:3:5-48
		INJECTED from PrintSample\AndroidManifest.xml
		INJECTED from PrintSample\AndroidManifest.xml
	android:versionName
		ADDED from PrintSample\AndroidManifest.xml:5:5-32
		INJECTED from PrintSample\AndroidManifest.xml
		INJECTED from PrintSample\AndroidManifest.xml
	android:versionCode
		ADDED from PrintSample\AndroidManifest.xml:4:5-28
		INJECTED from PrintSample\AndroidManifest.xml
		INJECTED from PrintSample\AndroidManifest.xml
	xmlns:android
		ADDED from PrintSample\AndroidManifest.xml:2:11-69
uses-sdk
ADDED from PrintSample\AndroidManifest.xml:7:5-9:41
MERGED from [PrinterSamples:SSPLib:unspecified] AndroidManifest.xml:7:5-9:41
MERGED from [com.android.support:appcompat-v7:23.1.1] AndroidManifest.xml:20:5-43
MERGED from [com.android.support:support-v4:23.1.1] AndroidManifest.xml:20:5-43
	android:targetSdkVersion
		ADDED from PrintSample\AndroidManifest.xml:9:9-38
		INJECTED from PrintSample\AndroidManifest.xml
		INJECTED from PrintSample\AndroidManifest.xml
	android:minSdkVersion
		ADDED from PrintSample\AndroidManifest.xml:8:9-35
		INJECTED from PrintSample\AndroidManifest.xml
		INJECTED from PrintSample\AndroidManifest.xml
uses-permission#com.sec.android.permission.SMARTUX_SERVICE
ADDED from PrintSample\AndroidManifest.xml:11:5-82
	android:name
		ADDED from PrintSample\AndroidManifest.xml:11:22-79
uses-permission#android.permission.WRITE_EXTERNAL_STORAGE
ADDED from PrintSample\AndroidManifest.xml:13:5-81
	android:name
		ADDED from PrintSample\AndroidManifest.xml:13:22-78
uses-permission#android.permission.INTERNET
ADDED from PrintSample\AndroidManifest.xml:14:5-66
	android:name
		ADDED from PrintSample\AndroidManifest.xml:14:22-64
uses-permission#android.permission.READ_EXTERNAL_STORAGE
ADDED from PrintSample\AndroidManifest.xml:15:5-79
	android:name
		ADDED from PrintSample\AndroidManifest.xml:15:22-77
application
ADDED from PrintSample\AndroidManifest.xml:17:5-40:19
MERGED from [PrinterSamples:SSPLib:unspecified] AndroidManifest.xml:11:5-20
MERGED from [com.android.support:appcompat-v7:23.1.1] AndroidManifest.xml:22:5-20
MERGED from [com.android.support:support-v4:23.1.1] AndroidManifest.xml:22:5-20
	android:label
		ADDED from PrintSample\AndroidManifest.xml:20:9-41
	android:allowBackup
		ADDED from PrintSample\AndroidManifest.xml:18:9-36
	android:icon
		ADDED from PrintSample\AndroidManifest.xml:19:9-45
activity#com.sec.android.ssp.balloon.print.MainActivity
ADDED from PrintSample\AndroidManifest.xml:22:9-32:20
	android:label
		ADDED from PrintSample\AndroidManifest.xml:24:13-45
	android:windowSoftInputMode
		ADDED from PrintSample\AndroidManifest.xml:25:13-52
	android:theme
		ADDED from PrintSample\AndroidManifest.xml:26:13-57
	android:name
		ADDED from PrintSample\AndroidManifest.xml:23:13-74
intent-filter#android.intent.action.MAIN+android.intent.category.LAUNCHER
ADDED from PrintSample\AndroidManifest.xml:27:13-31:29
action#android.intent.action.MAIN
ADDED from PrintSample\AndroidManifest.xml:28:17-69
	android:name
		ADDED from PrintSample\AndroidManifest.xml:28:25-66
category#android.intent.category.LAUNCHER
ADDED from PrintSample\AndroidManifest.xml:30:17-77
	android:name
		ADDED from PrintSample\AndroidManifest.xml:30:27-74
receiver#com.sec.android.ssp.balloon.print.JobCompleteReceiver
ADDED from PrintSample\AndroidManifest.xml:35:9-39:20
	android:name
		ADDED from PrintSample\AndroidManifest.xml:35:19-87
intent-filter#com.sec.android.ssp.sample.print.ACTION_PRINT_COMPLETED
ADDED from PrintSample\AndroidManifest.xml:36:13-38:29
action#com.sec.android.ssp.sample.print.ACTION_PRINT_COMPLETED
ADDED from PrintSample\AndroidManifest.xml:37:17-97
	android:name
		ADDED from PrintSample\AndroidManifest.xml:37:25-95